c:\users\hungyulin\desktop\tomasulo_vs2015\tomasulo\tomasulo\debug\vc140.pdb
c:\users\hungyulin\desktop\tomasulo_vs2015\tomasulo\tomasulo\debug\vc140.idb
c:\users\hungyulin\desktop\tomasulo_vs2015\tomasulo\tomasulo\debug\main.obj
c:\users\hungyulin\desktop\tomasulo_vs2015\tomasulo\debug\vc140.pdb
c:\users\hungyulin\desktop\tomasulo_vs2015\tomasulo\debug\vc140.idb
c:\users\hungyulin\desktop\tomasulo_vs2015\tomasulo\debug\main.obj
c:\users\hungyulin\desktop\tomasulo_vs2015\tomasulo\debug\tomasulo.obj
c:\users\hungyulin\desktop\tomasulo_vs2015\tomasulo\debug\tomasulo.ilk
c:\users\hungyulin\desktop\tomasulo_vs2015\tomasulo\debug\tomasulo.exe
c:\users\hungyulin\desktop\tomasulo_vs2015\tomasulo\debug\tomasulo.pdb
c:\users\hungyulin\desktop\tomasulo_vs2015\debug\tomasulo.pdb
c:\users\hungyulin\desktop\tomasulo_vs2015\tomasulo\debug\tomasulo.tlog\cl.command.1.tlog
c:\users\hungyulin\desktop\tomasulo_vs2015\tomasulo\debug\tomasulo.tlog\cl.read.1.tlog
c:\users\hungyulin\desktop\tomasulo_vs2015\tomasulo\debug\tomasulo.tlog\cl.write.1.tlog
c:\users\hungyulin\desktop\tomasulo_vs2015\tomasulo\debug\tomasulo.tlog\link-cvtres.read.1.tlog
c:\users\hungyulin\desktop\tomasulo_vs2015\tomasulo\debug\tomasulo.tlog\link-cvtres.write.1.tlog
c:\users\hungyulin\desktop\tomasulo_vs2015\tomasulo\debug\tomasulo.tlog\link-rc.read.1.tlog
c:\users\hungyulin\desktop\tomasulo_vs2015\tomasulo\debug\tomasulo.tlog\link-rc.write.1.tlog
c:\users\hungyulin\desktop\tomasulo_vs2015\tomasulo\debug\tomasulo.tlog\link.command.1.tlog
c:\users\hungyulin\desktop\tomasulo_vs2015\tomasulo\debug\tomasulo.tlog\link.read.1.tlog
c:\users\hungyulin\desktop\tomasulo_vs2015\tomasulo\debug\tomasulo.tlog\link.write.1.tlog
